<?xml version="1.0" encoding="UTF-8"?>
<!-- Generated by org.testng.reporters.JUnitXMLReporter -->
<testsuite ignored="0" hostname="IC985v2-227" failures="1" tests="2" name="Default test" time="11.319" errors="0" timestamp="2023-01-31T00:03:31 EST">
  <testcase classname="io.cucumber.testng.AbstractTestNGCucumberTests" name="runScenario" time="10.675"/>
  <testcase classname="io.cucumber.testng.AbstractTestNGCucumberTests" name="runScenario" time="0.076">
    <failure type="java.lang.NullPointerException" message="Cannot invoke &amp;quot;pages.SearchResultPage.viewItemDetail()&amp;quot; because &amp;quot;this.resultPage&amp;quot; is null">
      <![CDATA[java.lang.NullPointerException: Cannot invoke "pages.SearchResultPage.viewItemDetail()" because "this.resultPage" is null
at stepdefs.OrderStepDef.item_must_be_displayed(OrderStepDef.java:29)
at ✽.Item must be displayed(file:///C:/Users/3072662/eclipse-workspace/POM_WITH_BDD_FrameWork/src/test/resources/features/PlaceOrder.feature:10)
]]>
    </failure>
  </testcase> <!-- runScenario -->
</testsuite> <!-- Default test -->
