<?xml version="1.0" encoding="UTF-8"?>
<testng-results ignored="0" total="2" passed="1" failed="1" skipped="0">
  <reporter-output>
  </reporter-output>
  <suite started-at="2023-01-31T00:03:20 EST" name="Default suite" finished-at="2023-01-31T00:03:31 EST" duration-ms="11319">
    <groups>
      <group name="cucumber">
        <method signature="AbstractTestNGCucumberTests.runScenario(io.cucumber.testng.PickleWrapper,io.cucumber.testng.FeatureWrapper)[pri:0, instance:runners.ECommRunner@221a3fa4]" name="runScenario" class="io.cucumber.testng.AbstractTestNGCucumberTests"/>
      </group> <!-- cucumber -->
    </groups>
    <test started-at="2023-01-31T00:03:20 EST" name="Default test" finished-at="2023-01-31T00:03:31 EST" duration-ms="11319">
      <class name="runners.ECommRunner">
        <test-method is-config="true" signature="setUpClass(org.testng.ITestContext)[pri:0, instance:runners.ECommRunner@221a3fa4]" started-at="2023-01-31T00:03:20 EST" name="setUpClass" finished-at="2023-01-31T00:03:20 EST" duration-ms="437" status="PASS">
          <params>
            <param index="0">
              <value>
                <![CDATA[org.testng.TestRunner@7e3d7dd]]>
              </value>
            </param>
          </params>
          <reporter-output>
          </reporter-output>
        </test-method> <!-- setUpClass -->
        <test-method signature="runScenario(io.cucumber.testng.PickleWrapper,io.cucumber.testng.FeatureWrapper)[pri:0, instance:runners.ECommRunner@221a3fa4]" started-at="2023-01-31T00:03:20 EST" name="runScenario" description="Runs Cucumber Scenarios" data-provider="scenarios" finished-at="2023-01-31T00:03:31 EST" duration-ms="10675" status="PASS">
          <params>
            <param index="0">
              <value>
                <![CDATA["Search Item"]]>
              </value>
            </param>
            <param index="1">
              <value>
                <![CDATA["Place Order"]]>
              </value>
            </param>
          </params>
          <reporter-output>
          </reporter-output>
        </test-method> <!-- runScenario -->
        <test-method signature="runScenario(io.cucumber.testng.PickleWrapper,io.cucumber.testng.FeatureWrapper)[pri:0, instance:runners.ECommRunner@221a3fa4]" started-at="2023-01-31T00:03:31 EST" name="runScenario" description="Runs Cucumber Scenarios" data-provider="scenarios" finished-at="2023-01-31T00:03:31 EST" duration-ms="76" status="FAIL">
          <params>
            <param index="0">
              <value>
                <![CDATA["Add Item to Cart"]]>
              </value>
            </param>
            <param index="1">
              <value>
                <![CDATA["Place Order"]]>
              </value>
            </param>
          </params>
          <exception class="java.lang.NullPointerException">
            <message>
              <![CDATA[Cannot invoke "pages.SearchResultPage.viewItemDetail()" because "this.resultPage" is null]]>
            </message>
            <full-stacktrace>
              <![CDATA[java.lang.NullPointerException: Cannot invoke "pages.SearchResultPage.viewItemDetail()" because "this.resultPage" is null
at stepdefs.OrderStepDef.item_must_be_displayed(OrderStepDef.java:29)
at ✽.Item must be displayed(file:///C:/Users/3072662/eclipse-workspace/POM_WITH_BDD_FrameWork/src/test/resources/features/PlaceOrder.feature:10)
]]>
            </full-stacktrace>
          </exception> <!-- java.lang.NullPointerException -->
          <reporter-output>
          </reporter-output>
        </test-method> <!-- runScenario -->
        <test-method is-config="true" signature="tearDownClass()[pri:0, instance:runners.ECommRunner@221a3fa4]" started-at="2023-01-31T00:03:31 EST" name="tearDownClass" finished-at="2023-01-31T00:03:31 EST" duration-ms="21" status="PASS">
          <reporter-output>
          </reporter-output>
        </test-method> <!-- tearDownClass -->
      </class> <!-- runners.ECommRunner -->
    </test> <!-- Default test -->
  </suite> <!-- Default suite -->
</testng-results>
