<?xml version="1.0" encoding="UTF-8"?>
<!-- Generated by org.testng.reporters.JUnitReportReporter -->
<testsuite hostname="IC985v2-227" failures="0" tests="2" name="runners.ECommRunner" time="10.751" errors="1" timestamp="2023-01-31T00:03:32 EST" skipped="0">
  <testcase classname="runners.ECommRunner" name="runScenario" time="10.675"/>
  <system-out/>
  <testcase classname="runners.ECommRunner" name="runScenario" time="0.076">
    <error message="Cannot invoke &quot;pages.SearchResultPage.viewItemDetail()&quot; because &quot;this.resultPage&quot; is null" type="java.lang.NullPointerException">
      <![CDATA[java.lang.NullPointerException: Cannot invoke "pages.SearchResultPage.viewItemDetail()" because "this.resultPage" is null
at stepdefs.OrderStepDef.item_must_be_displayed(OrderStepDef.java:29)
at ✽.Item must be displayed(file:///C:/Users/3072662/eclipse-workspace/POM_WITH_BDD_FrameWork/src/test/resources/features/PlaceOrder.feature:10)
]]>
    </error>
  </testcase> <!-- runScenario -->
  <system-out/>
</testsuite> <!-- runners.ECommRunner -->
